<?xml version="1.0" encoding="UTF-8"?>
<!-- Generated by org.testng.reporters.JUnitReportReporter -->
<testsuite hostname="LAPTOP-Q4DCNU94" failures="0" tests="2" name="com.letshoptests.CucumberTestrunner" time="9.492" errors="0" timestamp="2024-06-10T08:43:13 IST" skipped="0">
  <testcase classname="com.letshoptests.CucumberTestrunner" name="runScenario" time="3.928"/>
  <testcase classname="com.letshoptests.CucumberTestrunner" name="runScenario" time="5.564"/>
</testsuite> <!-- com.letshoptests.CucumberTestrunner -->
