<?xml version="1.0" encoding="UTF-8"?>
<!-- Generated by org.testng.reporters.JUnitReportReporter -->
<testsuite hostname="LAPTOP-Q4DCNU94" failures="0" tests="1" name="com.letsshop.ExternalDataReader" time="0.677" errors="0" timestamp="2024-05-31T09:44:08 IST" skipped="0">
  <testcase classname="com.letsshop.ExternalDataReader" name="readData" time="0.677"/>
</testsuite> <!-- com.letsshop.ExternalDataReader -->
