<?xml version="1.0" encoding="UTF-8"?>
<!-- Generated by org.testng.reporters.JUnitReportReporter -->
<testsuite hostname="LAPTOP-Q4DCNU94" failures="0" tests="3" name="com.letsshop.AddingProductToCart" time="21.797" errors="0" timestamp="2024-05-29T08:52:13 IST" skipped="0">
  <testcase classname="com.letsshop.AddingProductToCart" name="addProductToCart" time="10.117"/>
  <testcase classname="com.letsshop.AddingProductToCart" name="loginToLetShop" time="11.380"/>
  <testcase classname="com.letsshop.AddingProductToCart" name="selectProduct" time="0.300"/>
</testsuite> <!-- com.letsshop.AddingProductToCart -->
