<?xml version="1.0" encoding="UTF-8"?>
<!-- Generated by org.testng.reporters.JUnitReportReporter -->
<testsuite hostname="LAPTOP-Q4DCNU94" failures="0" tests="3" name="com.letsshop.BaseClass" time="20.637" errors="0" timestamp="2024-05-29T08:52:13 IST" skipped="0">
  <testcase classname="com.letsshop.BaseClass" name="selectProduct" time="0.335"/>
  <testcase classname="com.letsshop.BaseClass" name="addProductToCart" time="10.092"/>
  <testcase classname="com.letsshop.BaseClass" name="loginToLetShop" time="10.210"/>
</testsuite> <!-- com.letsshop.BaseClass -->
